INFO  [2017-10-09 13:23:41,023] org.eclipse.jetty.util.log: Logging initialized @1029ms
WARN  [2017-10-09 13:23:41,107] org.glassfish.jersey.internal.Errors: The following warnings have been detected: WARNING: Cannot create new registration for component type class com.API.JavaAPI3.resources.APIResource: Existing previous registration found for the type.

WARN  [2017-10-09 13:23:41,107] org.glassfish.jersey.internal.Errors: The following warnings have been detected: WARNING: Cannot create new registration for component type class com.API.JavaAPI3.resources.AddAd: Existing previous registration found for the type.

INFO  [2017-10-09 13:23:41,107] io.dropwizard.server.ServerFactory: Starting hello-world
INFO  [2017-10-09 13:23:41,123] io.dropwizard.server.DefaultServerFactory: Registering jersey handler with root path prefix: /
INFO  [2017-10-09 13:23:41,123] io.dropwizard.server.DefaultServerFactory: Registering admin handler with root path prefix: /
INFO  [2017-10-09 13:23:41,624] io.dropwizard.jetty.HttpsConnectorFactory: Supported protocols: [SSLv2Hello, SSLv3, TLSv1, TLSv1.1, TLSv1.2]
INFO  [2017-10-09 13:23:41,624] io.dropwizard.jetty.HttpsConnectorFactory: Supported cipher suites: [TLS_ECDHE_ECDSA_WITH_AES_128_CBC_SHA256, TLS_ECDHE_RSA_WITH_AES_128_CBC_SHA256, TLS_RSA_WITH_AES_128_CBC_SHA256, TLS_ECDH_ECDSA_WITH_AES_128_CBC_SHA256, TLS_ECDH_RSA_WITH_AES_128_CBC_SHA256, TLS_DHE_RSA_WITH_AES_128_CBC_SHA256, TLS_DHE_DSS_WITH_AES_128_CBC_SHA256, TLS_ECDHE_ECDSA_WITH_AES_128_CBC_SHA, TLS_ECDHE_RSA_WITH_AES_128_CBC_SHA, TLS_RSA_WITH_AES_128_CBC_SHA, TLS_ECDH_ECDSA_WITH_AES_128_CBC_SHA, TLS_ECDH_RSA_WITH_AES_128_CBC_SHA, TLS_DHE_RSA_WITH_AES_128_CBC_SHA, TLS_DHE_DSS_WITH_AES_128_CBC_SHA, TLS_ECDHE_ECDSA_WITH_AES_128_GCM_SHA256, TLS_ECDHE_RSA_WITH_AES_128_GCM_SHA256, TLS_RSA_WITH_AES_128_GCM_SHA256, TLS_ECDH_ECDSA_WITH_AES_128_GCM_SHA256, TLS_ECDH_RSA_WITH_AES_128_GCM_SHA256, TLS_DHE_RSA_WITH_AES_128_GCM_SHA256, TLS_DHE_DSS_WITH_AES_128_GCM_SHA256, TLS_ECDHE_ECDSA_WITH_3DES_EDE_CBC_SHA, TLS_ECDHE_RSA_WITH_3DES_EDE_CBC_SHA, SSL_RSA_WITH_3DES_EDE_CBC_SHA, TLS_ECDH_ECDSA_WITH_3DES_EDE_CBC_SHA, TLS_ECDH_RSA_WITH_3DES_EDE_CBC_SHA, SSL_DHE_RSA_WITH_3DES_EDE_CBC_SHA, SSL_DHE_DSS_WITH_3DES_EDE_CBC_SHA, TLS_EMPTY_RENEGOTIATION_INFO_SCSV, TLS_DH_anon_WITH_AES_128_GCM_SHA256, TLS_DH_anon_WITH_AES_128_CBC_SHA256, TLS_ECDH_anon_WITH_AES_128_CBC_SHA, TLS_DH_anon_WITH_AES_128_CBC_SHA, TLS_ECDH_anon_WITH_3DES_EDE_CBC_SHA, SSL_DH_anon_WITH_3DES_EDE_CBC_SHA, SSL_RSA_WITH_DES_CBC_SHA, SSL_DHE_RSA_WITH_DES_CBC_SHA, SSL_DHE_DSS_WITH_DES_CBC_SHA, SSL_DH_anon_WITH_DES_CBC_SHA, SSL_RSA_EXPORT_WITH_DES40_CBC_SHA, SSL_DHE_RSA_EXPORT_WITH_DES40_CBC_SHA, SSL_DHE_DSS_EXPORT_WITH_DES40_CBC_SHA, SSL_DH_anon_EXPORT_WITH_DES40_CBC_SHA, TLS_RSA_WITH_NULL_SHA256, TLS_ECDHE_ECDSA_WITH_NULL_SHA, TLS_ECDHE_RSA_WITH_NULL_SHA, SSL_RSA_WITH_NULL_SHA, TLS_ECDH_ECDSA_WITH_NULL_SHA, TLS_ECDH_RSA_WITH_NULL_SHA, TLS_ECDH_anon_WITH_NULL_SHA, SSL_RSA_WITH_NULL_MD5, TLS_KRB5_WITH_3DES_EDE_CBC_SHA, TLS_KRB5_WITH_3DES_EDE_CBC_MD5, TLS_KRB5_WITH_DES_CBC_SHA, TLS_KRB5_WITH_DES_CBC_MD5, TLS_KRB5_EXPORT_WITH_DES_CBC_40_SHA, TLS_KRB5_EXPORT_WITH_DES_CBC_40_MD5]
INFO  [2017-10-09 13:23:41,624] io.dropwizard.jetty.HttpsConnectorFactory: Configured protocols: [TLSv1, TLSv1.1, TLSv1.2]
INFO  [2017-10-09 13:23:41,624] io.dropwizard.jetty.HttpsConnectorFactory: Excluded protocols: [SSLv3]
INFO  [2017-10-09 13:23:41,639] org.eclipse.jetty.setuid.SetUIDListener: Opened application@c2b546{HTTP/1.1}{0.0.0.0:8000}
INFO  [2017-10-09 13:23:41,639] org.eclipse.jetty.setuid.SetUIDListener: Opened application@94740{SSL-HTTP/1.1}{0.0.0.0:8443}
INFO  [2017-10-09 13:23:41,639] org.eclipse.jetty.setuid.SetUIDListener: Opened admin@11c4c7{HTTP/1.1}{0.0.0.0:8001}
INFO  [2017-10-09 13:23:41,655] org.eclipse.jetty.server.Server: jetty-9.2.13.v20150730
WARN  [2017-10-09 13:23:41,674] org.eclipse.jetty.util.component.AbstractLifeCycle: FAILED SslContextFactory@925b45(var/conf/keyStore.jks,var/conf/keyStore.jks): java.io.FileNotFoundException: D:\individuelt proj\eclipse files 3\Individuelt-Project-HT2017\JavaAPI3\JavaAPI-distribution\build\distributions\JavaAPI-distribution-0.0.0-dirty\bin\var\conf\keyStore.jks (Det går inte att hitta sökvägen)
! java.io.FileNotFoundException: D:\individuelt proj\eclipse files 3\Individuelt-Project-HT2017\JavaAPI3\JavaAPI-distribution\build\distributions\JavaAPI-distribution-0.0.0-dirty\bin\var\conf\keyStore.jks (Det går inte att hitta sökvägen)
! at java.io.FileInputStream.open0(Native Method) ~[na:1.8.0_144]
! at java.io.FileInputStream.open(FileInputStream.java:195) ~[na:1.8.0_144]
! at java.io.FileInputStream.<init>(FileInputStream.java:138) ~[na:1.8.0_144]
! at org.eclipse.jetty.util.resource.FileResource.getInputStream(FileResource.java:290) ~[jetty-util-9.2.13.v20150730.jar:9.2.13.v20150730]
! at org.eclipse.jetty.util.security.CertificateUtils.getKeyStore(CertificateUtils.java:43) ~[jetty-util-9.2.13.v20150730.jar:9.2.13.v20150730]
! at org.eclipse.jetty.util.ssl.SslContextFactory.loadKeyStore(SslContextFactory.java:871) ~[jetty-util-9.2.13.v20150730.jar:9.2.13.v20150730]
! at org.eclipse.jetty.util.ssl.SslContextFactory.doStart(SslContextFactory.java:273) ~[jetty-util-9.2.13.v20150730.jar:9.2.13.v20150730]
! at org.eclipse.jetty.util.component.AbstractLifeCycle.start(AbstractLifeCycle.java:68) [jetty-util-9.2.13.v20150730.jar:9.2.13.v20150730]
! at org.eclipse.jetty.util.component.ContainerLifeCycle.start(ContainerLifeCycle.java:132) [jetty-util-9.2.13.v20150730.jar:9.2.13.v20150730]
! at org.eclipse.jetty.server.Server.start(Server.java:387) [jetty-server-9.2.13.v20150730.jar:9.2.13.v20150730]
! at org.eclipse.jetty.util.component.ContainerLifeCycle.doStart(ContainerLifeCycle.java:114) [jetty-util-9.2.13.v20150730.jar:9.2.13.v20150730]
! at org.eclipse.jetty.server.handler.AbstractHandler.doStart(AbstractHandler.java:61) [jetty-server-9.2.13.v20150730.jar:9.2.13.v20150730]
! at org.eclipse.jetty.server.Server.doStart(Server.java:354) [jetty-server-9.2.13.v20150730.jar:9.2.13.v20150730]
! at org.eclipse.jetty.util.component.AbstractLifeCycle.start(AbstractLifeCycle.java:68) [jetty-util-9.2.13.v20150730.jar:9.2.13.v20150730]
! at io.dropwizard.cli.ServerCommand.run(ServerCommand.java:43) [dropwizard-core-0.9.2.jar:0.9.2]
! at io.dropwizard.cli.EnvironmentCommand.run(EnvironmentCommand.java:41) [dropwizard-core-0.9.2.jar:0.9.2]
! at io.dropwizard.cli.ConfiguredCommand.run(ConfiguredCommand.java:77) [dropwizard-core-0.9.2.jar:0.9.2]
! at io.dropwizard.cli.Cli.run(Cli.java:70) [dropwizard-core-0.9.2.jar:0.9.2]
! at io.dropwizard.Application.run(Application.java:80) [dropwizard-core-0.9.2.jar:0.9.2]
! at com.API.JavaAPI3.JavaAPIApplication.main(JavaAPIApplication.java:22) [JavaAPI-server-0.0.0-dirty.jar:na]
INFO  [2017-10-09 13:23:41,692] org.eclipse.jetty.server.ServerConnector: Started application@c2b546{HTTP/1.1}{0.0.0.0:8000}
WARN  [2017-10-09 13:23:41,692] org.eclipse.jetty.util.component.AbstractLifeCycle: FAILED SslContextFactory@925b45(var/conf/keyStore.jks,var/conf/keyStore.jks): java.io.FileNotFoundException: D:\individuelt proj\eclipse files 3\Individuelt-Project-HT2017\JavaAPI3\JavaAPI-distribution\build\distributions\JavaAPI-distribution-0.0.0-dirty\bin\var\conf\keyStore.jks (Det går inte att hitta sökvägen)
! java.io.FileNotFoundException: D:\individuelt proj\eclipse files 3\Individuelt-Project-HT2017\JavaAPI3\JavaAPI-distribution\build\distributions\JavaAPI-distribution-0.0.0-dirty\bin\var\conf\keyStore.jks (Det går inte att hitta sökvägen)
! at java.io.FileInputStream.open0(Native Method) ~[na:1.8.0_144]
! at java.io.FileInputStream.open(FileInputStream.java:195) ~[na:1.8.0_144]
! at java.io.FileInputStream.<init>(FileInputStream.java:138) ~[na:1.8.0_144]
! at org.eclipse.jetty.util.resource.FileResource.getInputStream(FileResource.java:290) ~[jetty-util-9.2.13.v20150730.jar:9.2.13.v20150730]
! at org.eclipse.jetty.util.security.CertificateUtils.getKeyStore(CertificateUtils.java:43) ~[jetty-util-9.2.13.v20150730.jar:9.2.13.v20150730]
! at org.eclipse.jetty.util.ssl.SslContextFactory.loadKeyStore(SslContextFactory.java:871) ~[jetty-util-9.2.13.v20150730.jar:9.2.13.v20150730]
! at org.eclipse.jetty.util.ssl.SslContextFactory.doStart(SslContextFactory.java:273) ~[jetty-util-9.2.13.v20150730.jar:9.2.13.v20150730]
! at org.eclipse.jetty.util.component.AbstractLifeCycle.start(AbstractLifeCycle.java:68) [jetty-util-9.2.13.v20150730.jar:9.2.13.v20150730]
! at org.eclipse.jetty.util.component.ContainerLifeCycle.start(ContainerLifeCycle.java:132) [jetty-util-9.2.13.v20150730.jar:9.2.13.v20150730]
! at org.eclipse.jetty.util.component.ContainerLifeCycle.doStart(ContainerLifeCycle.java:114) [jetty-util-9.2.13.v20150730.jar:9.2.13.v20150730]
! at org.eclipse.jetty.server.SslConnectionFactory.doStart(SslConnectionFactory.java:64) [jetty-server-9.2.13.v20150730.jar:9.2.13.v20150730]
! at org.eclipse.jetty.util.component.AbstractLifeCycle.start(AbstractLifeCycle.java:68) [jetty-util-9.2.13.v20150730.jar:9.2.13.v20150730]
! at org.eclipse.jetty.util.component.ContainerLifeCycle.start(ContainerLifeCycle.java:132) [jetty-util-9.2.13.v20150730.jar:9.2.13.v20150730]
! at org.eclipse.jetty.util.component.ContainerLifeCycle.doStart(ContainerLifeCycle.java:114) [jetty-util-9.2.13.v20150730.jar:9.2.13.v20150730]
! at org.eclipse.jetty.util.component.AbstractLifeCycle.start(AbstractLifeCycle.java:68) [jetty-util-9.2.13.v20150730.jar:9.2.13.v20150730]
! at org.eclipse.jetty.util.component.ContainerLifeCycle.start(ContainerLifeCycle.java:132) [jetty-util-9.2.13.v20150730.jar:9.2.13.v20150730]
! at org.eclipse.jetty.util.component.ContainerLifeCycle.doStart(ContainerLifeCycle.java:114) [jetty-util-9.2.13.v20150730.jar:9.2.13.v20150730]
! at org.eclipse.jetty.server.AbstractConnector.doStart(AbstractConnector.java:256) [jetty-server-9.2.13.v20150730.jar:9.2.13.v20150730]
! at org.eclipse.jetty.server.AbstractNetworkConnector.doStart(AbstractNetworkConnector.java:81) [jetty-server-9.2.13.v20150730.jar:9.2.13.v20150730]
! at org.eclipse.jetty.server.ServerConnector.doStart(ServerConnector.java:236) [jetty-server-9.2.13.v20150730.jar:9.2.13.v20150730]
! at org.eclipse.jetty.util.component.AbstractLifeCycle.start(AbstractLifeCycle.java:68) [jetty-util-9.2.13.v20150730.jar:9.2.13.v20150730]
! at org.eclipse.jetty.server.Server.doStart(Server.java:366) [jetty-server-9.2.13.v20150730.jar:9.2.13.v20150730]
! at org.eclipse.jetty.util.component.AbstractLifeCycle.start(AbstractLifeCycle.java:68) [jetty-util-9.2.13.v20150730.jar:9.2.13.v20150730]
! at io.dropwizard.cli.ServerCommand.run(ServerCommand.java:43) [dropwizard-core-0.9.2.jar:0.9.2]
! at io.dropwizard.cli.EnvironmentCommand.run(EnvironmentCommand.java:41) [dropwizard-core-0.9.2.jar:0.9.2]
! at io.dropwizard.cli.ConfiguredCommand.run(ConfiguredCommand.java:77) [dropwizard-core-0.9.2.jar:0.9.2]
! at io.dropwizard.cli.Cli.run(Cli.java:70) [dropwizard-core-0.9.2.jar:0.9.2]
! at io.dropwizard.Application.run(Application.java:80) [dropwizard-core-0.9.2.jar:0.9.2]
! at com.API.JavaAPI3.JavaAPIApplication.main(JavaAPIApplication.java:22) [JavaAPI-server-0.0.0-dirty.jar:na]
WARN  [2017-10-09 13:23:41,692] org.eclipse.jetty.util.component.AbstractLifeCycle: FAILED SslConnectionFactory@b78e55{SSL-HTTP/1.1}: java.io.FileNotFoundException: D:\individuelt proj\eclipse files 3\Individuelt-Project-HT2017\JavaAPI3\JavaAPI-distribution\build\distributions\JavaAPI-distribution-0.0.0-dirty\bin\var\conf\keyStore.jks (Det går inte att hitta sökvägen)
! java.io.FileNotFoundException: D:\individuelt proj\eclipse files 3\Individuelt-Project-HT2017\JavaAPI3\JavaAPI-distribution\build\distributions\JavaAPI-distribution-0.0.0-dirty\bin\var\conf\keyStore.jks (Det går inte att hitta sökvägen)
! at java.io.FileInputStream.open0(Native Method) ~[na:1.8.0_144]
! at java.io.FileInputStream.open(FileInputStream.java:195) ~[na:1.8.0_144]
! at java.io.FileInputStream.<init>(FileInputStream.java:138) ~[na:1.8.0_144]
! at org.eclipse.jetty.util.resource.FileResource.getInputStream(FileResource.java:290) ~[jetty-util-9.2.13.v20150730.jar:9.2.13.v20150730]
! at org.eclipse.jetty.util.security.CertificateUtils.getKeyStore(CertificateUtils.java:43) ~[jetty-util-9.2.13.v20150730.jar:9.2.13.v20150730]
! at org.eclipse.jetty.util.ssl.SslContextFactory.loadKeyStore(SslContextFactory.java:871) ~[jetty-util-9.2.13.v20150730.jar:9.2.13.v20150730]
! at org.eclipse.jetty.util.ssl.SslContextFactory.doStart(SslContextFactory.java:273) ~[jetty-util-9.2.13.v20150730.jar:9.2.13.v20150730]
! at org.eclipse.jetty.util.component.AbstractLifeCycle.start(AbstractLifeCycle.java:68) [jetty-util-9.2.13.v20150730.jar:9.2.13.v20150730]
! at org.eclipse.jetty.util.component.ContainerLifeCycle.start(ContainerLifeCycle.java:132) [jetty-util-9.2.13.v20150730.jar:9.2.13.v20150730]
! at org.eclipse.jetty.util.component.ContainerLifeCycle.doStart(ContainerLifeCycle.java:114) [jetty-util-9.2.13.v20150730.jar:9.2.13.v20150730]
! at org.eclipse.jetty.server.SslConnectionFactory.doStart(SslConnectionFactory.java:64) ~[jetty-server-9.2.13.v20150730.jar:9.2.13.v20150730]
! at org.eclipse.jetty.util.component.AbstractLifeCycle.start(AbstractLifeCycle.java:68) [jetty-util-9.2.13.v20150730.jar:9.2.13.v20150730]
! at org.eclipse.jetty.util.component.ContainerLifeCycle.start(ContainerLifeCycle.java:132) [jetty-util-9.2.13.v20150730.jar:9.2.13.v20150730]
! at org.eclipse.jetty.util.component.ContainerLifeCycle.doStart(ContainerLifeCycle.java:114) [jetty-util-9.2.13.v20150730.jar:9.2.13.v20150730]
! at org.eclipse.jetty.util.component.AbstractLifeCycle.start(AbstractLifeCycle.java:68) [jetty-util-9.2.13.v20150730.jar:9.2.13.v20150730]
! at org.eclipse.jetty.util.component.ContainerLifeCycle.start(ContainerLifeCycle.java:132) [jetty-util-9.2.13.v20150730.jar:9.2.13.v20150730]
! at org.eclipse.jetty.util.component.ContainerLifeCycle.doStart(ContainerLifeCycle.java:114) [jetty-util-9.2.13.v20150730.jar:9.2.13.v20150730]
! at org.eclipse.jetty.server.AbstractConnector.doStart(AbstractConnector.java:256) [jetty-server-9.2.13.v20150730.jar:9.2.13.v20150730]
! at org.eclipse.jetty.server.AbstractNetworkConnector.doStart(AbstractNetworkConnector.java:81) [jetty-server-9.2.13.v20150730.jar:9.2.13.v20150730]
! at org.eclipse.jetty.server.ServerConnector.doStart(ServerConnector.java:236) [jetty-server-9.2.13.v20150730.jar:9.2.13.v20150730]
! at org.eclipse.jetty.util.component.AbstractLifeCycle.start(AbstractLifeCycle.java:68) [jetty-util-9.2.13.v20150730.jar:9.2.13.v20150730]
! at org.eclipse.jetty.server.Server.doStart(Server.java:366) [jetty-server-9.2.13.v20150730.jar:9.2.13.v20150730]
! at org.eclipse.jetty.util.component.AbstractLifeCycle.start(AbstractLifeCycle.java:68) [jetty-util-9.2.13.v20150730.jar:9.2.13.v20150730]
! at io.dropwizard.cli.ServerCommand.run(ServerCommand.java:43) [dropwizard-core-0.9.2.jar:0.9.2]
! at io.dropwizard.cli.EnvironmentCommand.run(EnvironmentCommand.java:41) [dropwizard-core-0.9.2.jar:0.9.2]
! at io.dropwizard.cli.ConfiguredCommand.run(ConfiguredCommand.java:77) [dropwizard-core-0.9.2.jar:0.9.2]
! at io.dropwizard.cli.Cli.run(Cli.java:70) [dropwizard-core-0.9.2.jar:0.9.2]
! at io.dropwizard.Application.run(Application.java:80) [dropwizard-core-0.9.2.jar:0.9.2]
! at com.API.JavaAPI3.JavaAPIApplication.main(JavaAPIApplication.java:22) [JavaAPI-server-0.0.0-dirty.jar:na]
WARN  [2017-10-09 13:23:41,692] org.eclipse.jetty.util.component.AbstractLifeCycle: FAILED com.codahale.metrics.jetty9.InstrumentedConnectionFactory@318a7d: java.io.FileNotFoundException: D:\individuelt proj\eclipse files 3\Individuelt-Project-HT2017\JavaAPI3\JavaAPI-distribution\build\distributions\JavaAPI-distribution-0.0.0-dirty\bin\var\conf\keyStore.jks (Det går inte att hitta sökvägen)
! java.io.FileNotFoundException: D:\individuelt proj\eclipse files 3\Individuelt-Project-HT2017\JavaAPI3\JavaAPI-distribution\build\distributions\JavaAPI-distribution-0.0.0-dirty\bin\var\conf\keyStore.jks (Det går inte att hitta sökvägen)
! at java.io.FileInputStream.open0(Native Method) ~[na:1.8.0_144]
! at java.io.FileInputStream.open(FileInputStream.java:195) ~[na:1.8.0_144]
! at java.io.FileInputStream.<init>(FileInputStream.java:138) ~[na:1.8.0_144]
! at org.eclipse.jetty.util.resource.FileResource.getInputStream(FileResource.java:290) ~[jetty-util-9.2.13.v20150730.jar:9.2.13.v20150730]
! at org.eclipse.jetty.util.security.CertificateUtils.getKeyStore(CertificateUtils.java:43) ~[jetty-util-9.2.13.v20150730.jar:9.2.13.v20150730]
! at org.eclipse.jetty.util.ssl.SslContextFactory.loadKeyStore(SslContextFactory.java:871) ~[jetty-util-9.2.13.v20150730.jar:9.2.13.v20150730]
! at org.eclipse.jetty.util.ssl.SslContextFactory.doStart(SslContextFactory.java:273) ~[jetty-util-9.2.13.v20150730.jar:9.2.13.v20150730]
! at org.eclipse.jetty.util.component.AbstractLifeCycle.start(AbstractLifeCycle.java:68) [jetty-util-9.2.13.v20150730.jar:9.2.13.v20150730]
! at org.eclipse.jetty.util.component.ContainerLifeCycle.start(ContainerLifeCycle.java:132) [jetty-util-9.2.13.v20150730.jar:9.2.13.v20150730]
! at org.eclipse.jetty.util.component.ContainerLifeCycle.doStart(ContainerLifeCycle.java:114) [jetty-util-9.2.13.v20150730.jar:9.2.13.v20150730]
! at org.eclipse.jetty.server.SslConnectionFactory.doStart(SslConnectionFactory.java:64) ~[jetty-server-9.2.13.v20150730.jar:9.2.13.v20150730]
! at org.eclipse.jetty.util.component.AbstractLifeCycle.start(AbstractLifeCycle.java:68) [jetty-util-9.2.13.v20150730.jar:9.2.13.v20150730]
! at org.eclipse.jetty.util.component.ContainerLifeCycle.start(ContainerLifeCycle.java:132) [jetty-util-9.2.13.v20150730.jar:9.2.13.v20150730]
! at org.eclipse.jetty.util.component.ContainerLifeCycle.doStart(ContainerLifeCycle.java:114) [jetty-util-9.2.13.v20150730.jar:9.2.13.v20150730]
! at org.eclipse.jetty.util.component.AbstractLifeCycle.start(AbstractLifeCycle.java:68) [jetty-util-9.2.13.v20150730.jar:9.2.13.v20150730]
! at org.eclipse.jetty.util.component.ContainerLifeCycle.start(ContainerLifeCycle.java:132) [jetty-util-9.2.13.v20150730.jar:9.2.13.v20150730]
! at org.eclipse.jetty.util.component.ContainerLifeCycle.doStart(ContainerLifeCycle.java:114) [jetty-util-9.2.13.v20150730.jar:9.2.13.v20150730]
! at org.eclipse.jetty.server.AbstractConnector.doStart(AbstractConnector.java:256) [jetty-server-9.2.13.v20150730.jar:9.2.13.v20150730]
! at org.eclipse.jetty.server.AbstractNetworkConnector.doStart(AbstractNetworkConnector.java:81) [jetty-server-9.2.13.v20150730.jar:9.2.13.v20150730]
! at org.eclipse.jetty.server.ServerConnector.doStart(ServerConnector.java:236) [jetty-server-9.2.13.v20150730.jar:9.2.13.v20150730]
! at org.eclipse.jetty.util.component.AbstractLifeCycle.start(AbstractLifeCycle.java:68) [jetty-util-9.2.13.v20150730.jar:9.2.13.v20150730]
! at org.eclipse.jetty.server.Server.doStart(Server.java:366) [jetty-server-9.2.13.v20150730.jar:9.2.13.v20150730]
! at org.eclipse.jetty.util.component.AbstractLifeCycle.start(AbstractLifeCycle.java:68) [jetty-util-9.2.13.v20150730.jar:9.2.13.v20150730]
! at io.dropwizard.cli.ServerCommand.run(ServerCommand.java:43) [dropwizard-core-0.9.2.jar:0.9.2]
! at io.dropwizard.cli.EnvironmentCommand.run(EnvironmentCommand.java:41) [dropwizard-core-0.9.2.jar:0.9.2]
! at io.dropwizard.cli.ConfiguredCommand.run(ConfiguredCommand.java:77) [dropwizard-core-0.9.2.jar:0.9.2]
! at io.dropwizard.cli.Cli.run(Cli.java:70) [dropwizard-core-0.9.2.jar:0.9.2]
! at io.dropwizard.Application.run(Application.java:80) [dropwizard-core-0.9.2.jar:0.9.2]
! at com.API.JavaAPI3.JavaAPIApplication.main(JavaAPIApplication.java:22) [JavaAPI-server-0.0.0-dirty.jar:na]
WARN  [2017-10-09 13:23:41,692] org.eclipse.jetty.util.component.AbstractLifeCycle: FAILED application@94740{SSL-HTTP/1.1}{0.0.0.0:8443}: java.io.FileNotFoundException: D:\individuelt proj\eclipse files 3\Individuelt-Project-HT2017\JavaAPI3\JavaAPI-distribution\build\distributions\JavaAPI-distribution-0.0.0-dirty\bin\var\conf\keyStore.jks (Det går inte att hitta sökvägen)
! java.io.FileNotFoundException: D:\individuelt proj\eclipse files 3\Individuelt-Project-HT2017\JavaAPI3\JavaAPI-distribution\build\distributions\JavaAPI-distribution-0.0.0-dirty\bin\var\conf\keyStore.jks (Det går inte att hitta sökvägen)
! at java.io.FileInputStream.open0(Native Method) ~[na:1.8.0_144]
! at java.io.FileInputStream.open(FileInputStream.java:195) ~[na:1.8.0_144]
! at java.io.FileInputStream.<init>(FileInputStream.java:138) ~[na:1.8.0_144]
! at org.eclipse.jetty.util.resource.FileResource.getInputStream(FileResource.java:290) ~[jetty-util-9.2.13.v20150730.jar:9.2.13.v20150730]
! at org.eclipse.jetty.util.security.CertificateUtils.getKeyStore(CertificateUtils.java:43) ~[jetty-util-9.2.13.v20150730.jar:9.2.13.v20150730]
! at org.eclipse.jetty.util.ssl.SslContextFactory.loadKeyStore(SslContextFactory.java:871) ~[jetty-util-9.2.13.v20150730.jar:9.2.13.v20150730]
! at org.eclipse.jetty.util.ssl.SslContextFactory.doStart(SslContextFactory.java:273) ~[jetty-util-9.2.13.v20150730.jar:9.2.13.v20150730]
! at org.eclipse.jetty.util.component.AbstractLifeCycle.start(AbstractLifeCycle.java:68) [jetty-util-9.2.13.v20150730.jar:9.2.13.v20150730]
! at org.eclipse.jetty.util.component.ContainerLifeCycle.start(ContainerLifeCycle.java:132) ~[jetty-util-9.2.13.v20150730.jar:9.2.13.v20150730]
! at org.eclipse.jetty.util.component.ContainerLifeCycle.doStart(ContainerLifeCycle.java:114) ~[jetty-util-9.2.13.v20150730.jar:9.2.13.v20150730]
! at org.eclipse.jetty.server.SslConnectionFactory.doStart(SslConnectionFactory.java:64) ~[jetty-server-9.2.13.v20150730.jar:9.2.13.v20150730]
! at org.eclipse.jetty.util.component.AbstractLifeCycle.start(AbstractLifeCycle.java:68) [jetty-util-9.2.13.v20150730.jar:9.2.13.v20150730]
! at org.eclipse.jetty.util.component.ContainerLifeCycle.start(ContainerLifeCycle.java:132) ~[jetty-util-9.2.13.v20150730.jar:9.2.13.v20150730]
! at org.eclipse.jetty.util.component.ContainerLifeCycle.doStart(ContainerLifeCycle.java:114) ~[jetty-util-9.2.13.v20150730.jar:9.2.13.v20150730]
! at org.eclipse.jetty.util.component.AbstractLifeCycle.start(AbstractLifeCycle.java:68) [jetty-util-9.2.13.v20150730.jar:9.2.13.v20150730]
! at org.eclipse.jetty.util.component.ContainerLifeCycle.start(ContainerLifeCycle.java:132) ~[jetty-util-9.2.13.v20150730.jar:9.2.13.v20150730]
! at org.eclipse.jetty.util.component.ContainerLifeCycle.doStart(ContainerLifeCycle.java:114) ~[jetty-util-9.2.13.v20150730.jar:9.2.13.v20150730]
! at org.eclipse.jetty.server.AbstractConnector.doStart(AbstractConnector.java:256) ~[jetty-server-9.2.13.v20150730.jar:9.2.13.v20150730]
! at org.eclipse.jetty.server.AbstractNetworkConnector.doStart(AbstractNetworkConnector.java:81) ~[jetty-server-9.2.13.v20150730.jar:9.2.13.v20150730]
! at org.eclipse.jetty.server.ServerConnector.doStart(ServerConnector.java:236) ~[jetty-server-9.2.13.v20150730.jar:9.2.13.v20150730]
! at org.eclipse.jetty.util.component.AbstractLifeCycle.start(AbstractLifeCycle.java:68) [jetty-util-9.2.13.v20150730.jar:9.2.13.v20150730]
! at org.eclipse.jetty.server.Server.doStart(Server.java:366) [jetty-server-9.2.13.v20150730.jar:9.2.13.v20150730]
! at org.eclipse.jetty.util.component.AbstractLifeCycle.start(AbstractLifeCycle.java:68) [jetty-util-9.2.13.v20150730.jar:9.2.13.v20150730]
! at io.dropwizard.cli.ServerCommand.run(ServerCommand.java:43) [dropwizard-core-0.9.2.jar:0.9.2]
! at io.dropwizard.cli.EnvironmentCommand.run(EnvironmentCommand.java:41) [dropwizard-core-0.9.2.jar:0.9.2]
! at io.dropwizard.cli.ConfiguredCommand.run(ConfiguredCommand.java:77) [dropwizard-core-0.9.2.jar:0.9.2]
! at io.dropwizard.cli.Cli.run(Cli.java:70) [dropwizard-core-0.9.2.jar:0.9.2]
! at io.dropwizard.Application.run(Application.java:80) [dropwizard-core-0.9.2.jar:0.9.2]
! at com.API.JavaAPI3.JavaAPIApplication.main(JavaAPIApplication.java:22) [JavaAPI-server-0.0.0-dirty.jar:na]
WARN  [2017-10-09 13:23:41,692] org.eclipse.jetty.util.thread.QueuedThreadPool: dw-admin{STOPPED,1<=0<=64,i=0,q=0} rejected org.eclipse.jetty.util.thread.NonBlockingThread@492f2a
WARN  [2017-10-09 13:23:41,692] org.eclipse.jetty.util.component.AbstractLifeCycle: FAILED org.eclipse.jetty.server.ServerConnector$ServerConnectorManager@77e499: java.util.concurrent.RejectedExecutionException: org.eclipse.jetty.util.thread.NonBlockingThread@492f2a
! java.util.concurrent.RejectedExecutionException: org.eclipse.jetty.util.thread.NonBlockingThread@492f2a
! at org.eclipse.jetty.util.thread.QueuedThreadPool.execute(QueuedThreadPool.java:362) ~[jetty-util-9.2.13.v20150730.jar:9.2.13.v20150730]
! at org.eclipse.jetty.io.SelectorManager.execute(SelectorManager.java:160) ~[jetty-io-9.2.13.v20150730.jar:9.2.13.v20150730]
! at org.eclipse.jetty.io.SelectorManager.doStart(SelectorManager.java:258) ~[jetty-io-9.2.13.v20150730.jar:9.2.13.v20150730]
! at org.eclipse.jetty.util.component.AbstractLifeCycle.start(AbstractLifeCycle.java:68) [jetty-util-9.2.13.v20150730.jar:9.2.13.v20150730]
! at org.eclipse.jetty.util.component.ContainerLifeCycle.start(ContainerLifeCycle.java:132) [jetty-util-9.2.13.v20150730.jar:9.2.13.v20150730]
! at org.eclipse.jetty.util.component.ContainerLifeCycle.doStart(ContainerLifeCycle.java:106) [jetty-util-9.2.13.v20150730.jar:9.2.13.v20150730]
! at org.eclipse.jetty.server.AbstractConnector.doStart(AbstractConnector.java:256) [jetty-server-9.2.13.v20150730.jar:9.2.13.v20150730]
! at org.eclipse.jetty.server.AbstractNetworkConnector.doStart(AbstractNetworkConnector.java:81) [jetty-server-9.2.13.v20150730.jar:9.2.13.v20150730]
! at org.eclipse.jetty.server.ServerConnector.doStart(ServerConnector.java:236) [jetty-server-9.2.13.v20150730.jar:9.2.13.v20150730]
! at org.eclipse.jetty.util.component.AbstractLifeCycle.start(AbstractLifeCycle.java:68) [jetty-util-9.2.13.v20150730.jar:9.2.13.v20150730]
! at org.eclipse.jetty.server.Server.doStart(Server.java:366) [jetty-server-9.2.13.v20150730.jar:9.2.13.v20150730]
! at org.eclipse.jetty.util.component.AbstractLifeCycle.start(AbstractLifeCycle.java:68) [jetty-util-9.2.13.v20150730.jar:9.2.13.v20150730]
! at io.dropwizard.cli.ServerCommand.run(ServerCommand.java:43) [dropwizard-core-0.9.2.jar:0.9.2]
! at io.dropwizard.cli.EnvironmentCommand.run(EnvironmentCommand.java:41) [dropwizard-core-0.9.2.jar:0.9.2]
! at io.dropwizard.cli.ConfiguredCommand.run(ConfiguredCommand.java:77) [dropwizard-core-0.9.2.jar:0.9.2]
! at io.dropwizard.cli.Cli.run(Cli.java:70) [dropwizard-core-0.9.2.jar:0.9.2]
! at io.dropwizard.Application.run(Application.java:80) [dropwizard-core-0.9.2.jar:0.9.2]
! at com.API.JavaAPI3.JavaAPIApplication.main(JavaAPIApplication.java:22) [JavaAPI-server-0.0.0-dirty.jar:na]
WARN  [2017-10-09 13:23:41,692] org.eclipse.jetty.util.component.AbstractLifeCycle: FAILED admin@11c4c7{HTTP/1.1}{0.0.0.0:8001}: java.util.concurrent.RejectedExecutionException: org.eclipse.jetty.util.thread.NonBlockingThread@492f2a
! java.util.concurrent.RejectedExecutionException: org.eclipse.jetty.util.thread.NonBlockingThread@492f2a
! at org.eclipse.jetty.util.thread.QueuedThreadPool.execute(QueuedThreadPool.java:362) ~[jetty-util-9.2.13.v20150730.jar:9.2.13.v20150730]
! at org.eclipse.jetty.io.SelectorManager.execute(SelectorManager.java:160) ~[jetty-io-9.2.13.v20150730.jar:9.2.13.v20150730]
! at org.eclipse.jetty.io.SelectorManager.doStart(SelectorManager.java:258) ~[jetty-io-9.2.13.v20150730.jar:9.2.13.v20150730]
! at org.eclipse.jetty.util.component.AbstractLifeCycle.start(AbstractLifeCycle.java:68) [jetty-util-9.2.13.v20150730.jar:9.2.13.v20150730]
! at org.eclipse.jetty.util.component.ContainerLifeCycle.start(ContainerLifeCycle.java:132) ~[jetty-util-9.2.13.v20150730.jar:9.2.13.v20150730]
! at org.eclipse.jetty.util.component.ContainerLifeCycle.doStart(ContainerLifeCycle.java:106) ~[jetty-util-9.2.13.v20150730.jar:9.2.13.v20150730]
! at org.eclipse.jetty.server.AbstractConnector.doStart(AbstractConnector.java:256) ~[jetty-server-9.2.13.v20150730.jar:9.2.13.v20150730]
! at org.eclipse.jetty.server.AbstractNetworkConnector.doStart(AbstractNetworkConnector.java:81) ~[jetty-server-9.2.13.v20150730.jar:9.2.13.v20150730]
! at org.eclipse.jetty.server.ServerConnector.doStart(ServerConnector.java:236) ~[jetty-server-9.2.13.v20150730.jar:9.2.13.v20150730]
! at org.eclipse.jetty.util.component.AbstractLifeCycle.start(AbstractLifeCycle.java:68) [jetty-util-9.2.13.v20150730.jar:9.2.13.v20150730]
! at org.eclipse.jetty.server.Server.doStart(Server.java:366) [jetty-server-9.2.13.v20150730.jar:9.2.13.v20150730]
! at org.eclipse.jetty.util.component.AbstractLifeCycle.start(AbstractLifeCycle.java:68) [jetty-util-9.2.13.v20150730.jar:9.2.13.v20150730]
! at io.dropwizard.cli.ServerCommand.run(ServerCommand.java:43) [dropwizard-core-0.9.2.jar:0.9.2]
! at io.dropwizard.cli.EnvironmentCommand.run(EnvironmentCommand.java:41) [dropwizard-core-0.9.2.jar:0.9.2]
! at io.dropwizard.cli.ConfiguredCommand.run(ConfiguredCommand.java:77) [dropwizard-core-0.9.2.jar:0.9.2]
! at io.dropwizard.cli.Cli.run(Cli.java:70) [dropwizard-core-0.9.2.jar:0.9.2]
! at io.dropwizard.Application.run(Application.java:80) [dropwizard-core-0.9.2.jar:0.9.2]
! at com.API.JavaAPI3.JavaAPIApplication.main(JavaAPIApplication.java:22) [JavaAPI-server-0.0.0-dirty.jar:na]
WARN  [2017-10-09 13:23:41,692] org.eclipse.jetty.util.component.AbstractLifeCycle: FAILED org.eclipse.jetty.server.Server@5811a4: MultiException[java.io.FileNotFoundException: D:\individuelt proj\eclipse files 3\Individuelt-Project-HT2017\JavaAPI3\JavaAPI-distribution\build\distributions\JavaAPI-distribution-0.0.0-dirty\bin\var\conf\keyStore.jks (Det går inte att hitta sökvägen), java.io.FileNotFoundException: D:\individuelt proj\eclipse files 3\Individuelt-Project-HT2017\JavaAPI3\JavaAPI-distribution\build\distributions\JavaAPI-distribution-0.0.0-dirty\bin\var\conf\keyStore.jks (Det går inte att hitta sökvägen), java.util.concurrent.RejectedExecutionException: org.eclipse.jetty.util.thread.NonBlockingThread@492f2a]
! java.io.FileNotFoundException: D:\individuelt proj\eclipse files 3\Individuelt-Project-HT2017\JavaAPI3\JavaAPI-distribution\build\distributions\JavaAPI-distribution-0.0.0-dirty\bin\var\conf\keyStore.jks (Det går inte att hitta sökvägen)
! at java.io.FileInputStream.open0(Native Method) ~[na:1.8.0_144]
! at java.io.FileInputStream.open(FileInputStream.java:195) ~[na:1.8.0_144]
! at java.io.FileInputStream.<init>(FileInputStream.java:138) ~[na:1.8.0_144]
! at org.eclipse.jetty.util.resource.FileResource.getInputStream(FileResource.java:290) ~[jetty-util-9.2.13.v20150730.jar:9.2.13.v20150730]
! at org.eclipse.jetty.util.security.CertificateUtils.getKeyStore(CertificateUtils.java:43) ~[jetty-util-9.2.13.v20150730.jar:9.2.13.v20150730]
! at org.eclipse.jetty.util.ssl.SslContextFactory.loadKeyStore(SslContextFactory.java:871) ~[jetty-util-9.2.13.v20150730.jar:9.2.13.v20150730]
! at org.eclipse.jetty.util.ssl.SslContextFactory.doStart(SslContextFactory.java:273) ~[jetty-util-9.2.13.v20150730.jar:9.2.13.v20150730]
! at org.eclipse.jetty.util.component.AbstractLifeCycle.start(AbstractLifeCycle.java:68) ~[jetty-util-9.2.13.v20150730.jar:9.2.13.v20150730]
! at org.eclipse.jetty.util.component.ContainerLifeCycle.start(ContainerLifeCycle.java:132) ~[jetty-util-9.2.13.v20150730.jar:9.2.13.v20150730]
! at org.eclipse.jetty.server.Server.start(Server.java:387) ~[jetty-server-9.2.13.v20150730.jar:9.2.13.v20150730]
! at org.eclipse.jetty.util.component.ContainerLifeCycle.doStart(ContainerLifeCycle.java:114) ~[jetty-util-9.2.13.v20150730.jar:9.2.13.v20150730]
! at org.eclipse.jetty.server.handler.AbstractHandler.doStart(AbstractHandler.java:61) ~[jetty-server-9.2.13.v20150730.jar:9.2.13.v20150730]
! at org.eclipse.jetty.server.Server.doStart(Server.java:354) ~[jetty-server-9.2.13.v20150730.jar:9.2.13.v20150730]
! ... 7 common frames omitted
! Causing: org.eclipse.jetty.util.MultiException: Multiple exceptions
! at org.eclipse.jetty.server.Server.doStart(Server.java:329) ~[jetty-server-9.2.13.v20150730.jar:9.2.13.v20150730]
! at org.eclipse.jetty.util.component.AbstractLifeCycle.start(AbstractLifeCycle.java:68) ~[jetty-util-9.2.13.v20150730.jar:9.2.13.v20150730]
! at io.dropwizard.cli.ServerCommand.run(ServerCommand.java:43) [dropwizard-core-0.9.2.jar:0.9.2]
! at io.dropwizard.cli.EnvironmentCommand.run(EnvironmentCommand.java:41) [dropwizard-core-0.9.2.jar:0.9.2]
! at io.dropwizard.cli.ConfiguredCommand.run(ConfiguredCommand.java:77) [dropwizard-core-0.9.2.jar:0.9.2]
! at io.dropwizard.cli.Cli.run(Cli.java:70) [dropwizard-core-0.9.2.jar:0.9.2]
! at io.dropwizard.Application.run(Application.java:80) [dropwizard-core-0.9.2.jar:0.9.2]
! at com.API.JavaAPI3.JavaAPIApplication.main(JavaAPIApplication.java:22) [JavaAPI-server-0.0.0-dirty.jar:na]
! Suppressed: java.io.FileNotFoundException: D:\individuelt proj\eclipse files 3\Individuelt-Project-HT2017\JavaAPI3\JavaAPI-distribution\build\distributions\JavaAPI-distribution-0.0.0-dirty\bin\var\conf\keyStore.jks (Det går inte att hitta sökvägen)
! 	at java.io.FileInputStream.open0(Native Method) ~[na:1.8.0_144]
! 	at java.io.FileInputStream.open(FileInputStream.java:195) ~[na:1.8.0_144]
! 	at java.io.FileInputStream.<init>(FileInputStream.java:138) ~[na:1.8.0_144]
! 	at org.eclipse.jetty.util.resource.FileResource.getInputStream(FileResource.java:290) ~[jetty-util-9.2.13.v20150730.jar:9.2.13.v20150730]
! 	at org.eclipse.jetty.util.security.CertificateUtils.getKeyStore(CertificateUtils.java:43) ~[jetty-util-9.2.13.v20150730.jar:9.2.13.v20150730]
! 	at org.eclipse.jetty.util.ssl.SslContextFactory.loadKeyStore(SslContextFactory.java:871) ~[jetty-util-9.2.13.v20150730.jar:9.2.13.v20150730]
! 	at org.eclipse.jetty.util.ssl.SslContextFactory.doStart(SslContextFactory.java:273) ~[jetty-util-9.2.13.v20150730.jar:9.2.13.v20150730]
! 	at org.eclipse.jetty.util.component.AbstractLifeCycle.start(AbstractLifeCycle.java:68) ~[jetty-util-9.2.13.v20150730.jar:9.2.13.v20150730]
! 	at org.eclipse.jetty.util.component.ContainerLifeCycle.start(ContainerLifeCycle.java:132) ~[jetty-util-9.2.13.v20150730.jar:9.2.13.v20150730]
! 	at org.eclipse.jetty.util.component.ContainerLifeCycle.doStart(ContainerLifeCycle.java:114) ~[jetty-util-9.2.13.v20150730.jar:9.2.13.v20150730]
! 	at org.eclipse.jetty.server.SslConnectionFactory.doStart(SslConnectionFactory.java:64) ~[jetty-server-9.2.13.v20150730.jar:9.2.13.v20150730]
! 	at org.eclipse.jetty.util.component.AbstractLifeCycle.start(AbstractLifeCycle.java:68) ~[jetty-util-9.2.13.v20150730.jar:9.2.13.v20150730]
! 	at org.eclipse.jetty.util.component.ContainerLifeCycle.start(ContainerLifeCycle.java:132) ~[jetty-util-9.2.13.v20150730.jar:9.2.13.v20150730]
! 	at org.eclipse.jetty.util.component.ContainerLifeCycle.doStart(ContainerLifeCycle.java:114) ~[jetty-util-9.2.13.v20150730.jar:9.2.13.v20150730]
! 	at org.eclipse.jetty.util.component.AbstractLifeCycle.start(AbstractLifeCycle.java:68) ~[jetty-util-9.2.13.v20150730.jar:9.2.13.v20150730]
! 	at org.eclipse.jetty.util.component.ContainerLifeCycle.start(ContainerLifeCycle.java:132) ~[jetty-util-9.2.13.v20150730.jar:9.2.13.v20150730]
! 	at org.eclipse.jetty.util.component.ContainerLifeCycle.doStart(ContainerLifeCycle.java:114) ~[jetty-util-9.2.13.v20150730.jar:9.2.13.v20150730]
! 	at org.eclipse.jetty.server.AbstractConnector.doStart(AbstractConnector.java:256) ~[jetty-server-9.2.13.v20150730.jar:9.2.13.v20150730]
! 	at org.eclipse.jetty.server.AbstractNetworkConnector.doStart(AbstractNetworkConnector.java:81) ~[jetty-server-9.2.13.v20150730.jar:9.2.13.v20150730]
! 	at org.eclipse.jetty.server.ServerConnector.doStart(ServerConnector.java:236) ~[jetty-server-9.2.13.v20150730.jar:9.2.13.v20150730]
! 	at org.eclipse.jetty.util.component.AbstractLifeCycle.start(AbstractLifeCycle.java:68) ~[jetty-util-9.2.13.v20150730.jar:9.2.13.v20150730]
! 	at org.eclipse.jetty.server.Server.doStart(Server.java:366) ~[jetty-server-9.2.13.v20150730.jar:9.2.13.v20150730]
! 	... 7 common frames omitted
! Suppressed: java.util.concurrent.RejectedExecutionException: org.eclipse.jetty.util.thread.NonBlockingThread@492f2a
! 	at org.eclipse.jetty.util.thread.QueuedThreadPool.execute(QueuedThreadPool.java:362) ~[jetty-util-9.2.13.v20150730.jar:9.2.13.v20150730]
! 	at org.eclipse.jetty.io.SelectorManager.execute(SelectorManager.java:160) ~[jetty-io-9.2.13.v20150730.jar:9.2.13.v20150730]
! 	at org.eclipse.jetty.io.SelectorManager.doStart(SelectorManager.java:258) ~[jetty-io-9.2.13.v20150730.jar:9.2.13.v20150730]
! 	at org.eclipse.jetty.util.component.AbstractLifeCycle.start(AbstractLifeCycle.java:68) ~[jetty-util-9.2.13.v20150730.jar:9.2.13.v20150730]
! 	at org.eclipse.jetty.util.component.ContainerLifeCycle.start(ContainerLifeCycle.java:132) ~[jetty-util-9.2.13.v20150730.jar:9.2.13.v20150730]
! 	at org.eclipse.jetty.util.component.ContainerLifeCycle.doStart(ContainerLifeCycle.java:106) ~[jetty-util-9.2.13.v20150730.jar:9.2.13.v20150730]
! 	at org.eclipse.jetty.server.AbstractConnector.doStart(AbstractConnector.java:256) ~[jetty-server-9.2.13.v20150730.jar:9.2.13.v20150730]
! 	at org.eclipse.jetty.server.AbstractNetworkConnector.doStart(AbstractNetworkConnector.java:81) ~[jetty-server-9.2.13.v20150730.jar:9.2.13.v20150730]
! 	at org.eclipse.jetty.server.ServerConnector.doStart(ServerConnector.java:236) ~[jetty-server-9.2.13.v20150730.jar:9.2.13.v20150730]
! 	at org.eclipse.jetty.util.component.AbstractLifeCycle.start(AbstractLifeCycle.java:68) ~[jetty-util-9.2.13.v20150730.jar:9.2.13.v20150730]
! 	at org.eclipse.jetty.server.Server.doStart(Server.java:366) ~[jetty-server-9.2.13.v20150730.jar:9.2.13.v20150730]
! 	... 7 common frames omitted
ERROR [2017-10-09 13:23:41,692] io.dropwizard.cli.ServerCommand: Unable to start server, shutting down
! java.io.FileNotFoundException: D:\individuelt proj\eclipse files 3\Individuelt-Project-HT2017\JavaAPI3\JavaAPI-distribution\build\distributions\JavaAPI-distribution-0.0.0-dirty\bin\var\conf\keyStore.jks (Det går inte att hitta sökvägen)
! at java.io.FileInputStream.open0(Native Method) ~[na:1.8.0_144]
! at java.io.FileInputStream.open(FileInputStream.java:195) ~[na:1.8.0_144]
! at java.io.FileInputStream.<init>(FileInputStream.java:138) ~[na:1.8.0_144]
! at org.eclipse.jetty.util.resource.FileResource.getInputStream(FileResource.java:290) ~[jetty-util-9.2.13.v20150730.jar:9.2.13.v20150730]
! at org.eclipse.jetty.util.security.CertificateUtils.getKeyStore(CertificateUtils.java:43) ~[jetty-util-9.2.13.v20150730.jar:9.2.13.v20150730]
! at org.eclipse.jetty.util.ssl.SslContextFactory.loadKeyStore(SslContextFactory.java:871) ~[jetty-util-9.2.13.v20150730.jar:9.2.13.v20150730]
! at org.eclipse.jetty.util.ssl.SslContextFactory.doStart(SslContextFactory.java:273) ~[jetty-util-9.2.13.v20150730.jar:9.2.13.v20150730]
! at org.eclipse.jetty.util.component.AbstractLifeCycle.start(AbstractLifeCycle.java:68) ~[jetty-util-9.2.13.v20150730.jar:9.2.13.v20150730]
! at org.eclipse.jetty.util.component.ContainerLifeCycle.start(ContainerLifeCycle.java:132) ~[jetty-util-9.2.13.v20150730.jar:9.2.13.v20150730]
! at org.eclipse.jetty.server.Server.start(Server.java:387) ~[jetty-server-9.2.13.v20150730.jar:9.2.13.v20150730]
! at org.eclipse.jetty.util.component.ContainerLifeCycle.doStart(ContainerLifeCycle.java:114) ~[jetty-util-9.2.13.v20150730.jar:9.2.13.v20150730]
! at org.eclipse.jetty.server.handler.AbstractHandler.doStart(AbstractHandler.java:61) ~[jetty-server-9.2.13.v20150730.jar:9.2.13.v20150730]
! at org.eclipse.jetty.server.Server.doStart(Server.java:354) ~[jetty-server-9.2.13.v20150730.jar:9.2.13.v20150730]
! ... 7 common frames omitted
! Causing: org.eclipse.jetty.util.MultiException: Multiple exceptions
! at org.eclipse.jetty.server.Server.doStart(Server.java:329) ~[jetty-server-9.2.13.v20150730.jar:9.2.13.v20150730]
! at org.eclipse.jetty.util.component.AbstractLifeCycle.start(AbstractLifeCycle.java:68) ~[jetty-util-9.2.13.v20150730.jar:9.2.13.v20150730]
! at io.dropwizard.cli.ServerCommand.run(ServerCommand.java:43) ~[dropwizard-core-0.9.2.jar:0.9.2]
! at io.dropwizard.cli.EnvironmentCommand.run(EnvironmentCommand.java:41) [dropwizard-core-0.9.2.jar:0.9.2]
! at io.dropwizard.cli.ConfiguredCommand.run(ConfiguredCommand.java:77) [dropwizard-core-0.9.2.jar:0.9.2]
! at io.dropwizard.cli.Cli.run(Cli.java:70) [dropwizard-core-0.9.2.jar:0.9.2]
! at io.dropwizard.Application.run(Application.java:80) [dropwizard-core-0.9.2.jar:0.9.2]
! at com.API.JavaAPI3.JavaAPIApplication.main(JavaAPIApplication.java:22) [JavaAPI-server-0.0.0-dirty.jar:na]
! Suppressed: java.io.FileNotFoundException: D:\individuelt proj\eclipse files 3\Individuelt-Project-HT2017\JavaAPI3\JavaAPI-distribution\build\distributions\JavaAPI-distribution-0.0.0-dirty\bin\var\conf\keyStore.jks (Det går inte att hitta sökvägen)
! 	at java.io.FileInputStream.open0(Native Method) ~[na:1.8.0_144]
! 	at java.io.FileInputStream.open(FileInputStream.java:195) ~[na:1.8.0_144]
! 	at java.io.FileInputStream.<init>(FileInputStream.java:138) ~[na:1.8.0_144]
! 	at org.eclipse.jetty.util.resource.FileResource.getInputStream(FileResource.java:290) ~[jetty-util-9.2.13.v20150730.jar:9.2.13.v20150730]
! 	at org.eclipse.jetty.util.security.CertificateUtils.getKeyStore(CertificateUtils.java:43) ~[jetty-util-9.2.13.v20150730.jar:9.2.13.v20150730]
! 	at org.eclipse.jetty.util.ssl.SslContextFactory.loadKeyStore(SslContextFactory.java:871) ~[jetty-util-9.2.13.v20150730.jar:9.2.13.v20150730]
! 	at org.eclipse.jetty.util.ssl.SslContextFactory.doStart(SslContextFactory.java:273) ~[jetty-util-9.2.13.v20150730.jar:9.2.13.v20150730]
! 	at org.eclipse.jetty.util.component.AbstractLifeCycle.start(AbstractLifeCycle.java:68) ~[jetty-util-9.2.13.v20150730.jar:9.2.13.v20150730]
! 	at org.eclipse.jetty.util.component.ContainerLifeCycle.start(ContainerLifeCycle.java:132) ~[jetty-util-9.2.13.v20150730.jar:9.2.13.v20150730]
! 	at org.eclipse.jetty.util.component.ContainerLifeCycle.doStart(ContainerLifeCycle.java:114) ~[jetty-util-9.2.13.v20150730.jar:9.2.13.v20150730]
! 	at org.eclipse.jetty.server.SslConnectionFactory.doStart(SslConnectionFactory.java:64) ~[jetty-server-9.2.13.v20150730.jar:9.2.13.v20150730]
! 	at org.eclipse.jetty.util.component.AbstractLifeCycle.start(AbstractLifeCycle.java:68) ~[jetty-util-9.2.13.v20150730.jar:9.2.13.v20150730]
! 	at org.eclipse.jetty.util.component.ContainerLifeCycle.start(ContainerLifeCycle.java:132) ~[jetty-util-9.2.13.v20150730.jar:9.2.13.v20150730]
! 	at org.eclipse.jetty.util.component.ContainerLifeCycle.doStart(ContainerLifeCycle.java:114) ~[jetty-util-9.2.13.v20150730.jar:9.2.13.v20150730]
! 	at org.eclipse.jetty.util.component.AbstractLifeCycle.start(AbstractLifeCycle.java:68) ~[jetty-util-9.2.13.v20150730.jar:9.2.13.v20150730]
! 	at org.eclipse.jetty.util.component.ContainerLifeCycle.start(ContainerLifeCycle.java:132) ~[jetty-util-9.2.13.v20150730.jar:9.2.13.v20150730]
! 	at org.eclipse.jetty.util.component.ContainerLifeCycle.doStart(ContainerLifeCycle.java:114) ~[jetty-util-9.2.13.v20150730.jar:9.2.13.v20150730]
! 	at org.eclipse.jetty.server.AbstractConnector.doStart(AbstractConnector.java:256) ~[jetty-server-9.2.13.v20150730.jar:9.2.13.v20150730]
! 	at org.eclipse.jetty.server.AbstractNetworkConnector.doStart(AbstractNetworkConnector.java:81) ~[jetty-server-9.2.13.v20150730.jar:9.2.13.v20150730]
! 	at org.eclipse.jetty.server.ServerConnector.doStart(ServerConnector.java:236) ~[jetty-server-9.2.13.v20150730.jar:9.2.13.v20150730]
! 	at org.eclipse.jetty.util.component.AbstractLifeCycle.start(AbstractLifeCycle.java:68) ~[jetty-util-9.2.13.v20150730.jar:9.2.13.v20150730]
! 	at org.eclipse.jetty.server.Server.doStart(Server.java:366) ~[jetty-server-9.2.13.v20150730.jar:9.2.13.v20150730]
! 	... 7 common frames omitted
! Suppressed: java.util.concurrent.RejectedExecutionException: org.eclipse.jetty.util.thread.NonBlockingThread@492f2a
! 	at org.eclipse.jetty.util.thread.QueuedThreadPool.execute(QueuedThreadPool.java:362) ~[jetty-util-9.2.13.v20150730.jar:9.2.13.v20150730]
! 	at org.eclipse.jetty.io.SelectorManager.execute(SelectorManager.java:160) ~[jetty-io-9.2.13.v20150730.jar:9.2.13.v20150730]
! 	at org.eclipse.jetty.io.SelectorManager.doStart(SelectorManager.java:258) ~[jetty-io-9.2.13.v20150730.jar:9.2.13.v20150730]
! 	at org.eclipse.jetty.util.component.AbstractLifeCycle.start(AbstractLifeCycle.java:68) ~[jetty-util-9.2.13.v20150730.jar:9.2.13.v20150730]
! 	at org.eclipse.jetty.util.component.ContainerLifeCycle.start(ContainerLifeCycle.java:132) ~[jetty-util-9.2.13.v20150730.jar:9.2.13.v20150730]
! 	at org.eclipse.jetty.util.component.ContainerLifeCycle.doStart(ContainerLifeCycle.java:106) ~[jetty-util-9.2.13.v20150730.jar:9.2.13.v20150730]
! 	at org.eclipse.jetty.server.AbstractConnector.doStart(AbstractConnector.java:256) ~[jetty-server-9.2.13.v20150730.jar:9.2.13.v20150730]
! 	at org.eclipse.jetty.server.AbstractNetworkConnector.doStart(AbstractNetworkConnector.java:81) ~[jetty-server-9.2.13.v20150730.jar:9.2.13.v20150730]
! 	at org.eclipse.jetty.server.ServerConnector.doStart(ServerConnector.java:236) ~[jetty-server-9.2.13.v20150730.jar:9.2.13.v20150730]
! 	at org.eclipse.jetty.util.component.AbstractLifeCycle.start(AbstractLifeCycle.java:68) ~[jetty-util-9.2.13.v20150730.jar:9.2.13.v20150730]
! 	at org.eclipse.jetty.server.Server.doStart(Server.java:366) ~[jetty-server-9.2.13.v20150730.jar:9.2.13.v20150730]
! 	... 7 common frames omitted
INFO  [2017-10-09 13:23:41,692] org.eclipse.jetty.server.ServerConnector: Stopped application@c2b546{HTTP/1.1}{0.0.0.0:8000}
INFO  [2017-10-09 13:23:41,692] org.eclipse.jetty.server.ServerConnector: Stopped application@94740{SSL-HTTP/1.1}{0.0.0.0:8443}
INFO  [2017-10-09 13:23:41,692] org.eclipse.jetty.server.ServerConnector: Stopped admin@11c4c7{HTTP/1.1}{0.0.0.0:8001}
INFO  [2017-10-09 13:26:08,125] org.eclipse.jetty.util.log: Logging initialized @946ms
WARN  [2017-10-09 13:26:08,209] org.glassfish.jersey.internal.Errors: The following warnings have been detected: WARNING: Cannot create new registration for component type class com.API.JavaAPI3.resources.APIResource: Existing previous registration found for the type.

WARN  [2017-10-09 13:26:08,209] org.glassfish.jersey.internal.Errors: The following warnings have been detected: WARNING: Cannot create new registration for component type class com.API.JavaAPI3.resources.AddAd: Existing previous registration found for the type.

INFO  [2017-10-09 13:26:08,209] io.dropwizard.server.ServerFactory: Starting hello-world
INFO  [2017-10-09 13:26:08,225] io.dropwizard.server.DefaultServerFactory: Registering jersey handler with root path prefix: /
INFO  [2017-10-09 13:26:08,241] io.dropwizard.server.DefaultServerFactory: Registering admin handler with root path prefix: /
INFO  [2017-10-09 13:26:08,256] org.eclipse.jetty.setuid.SetUIDListener: Opened application@1cec031{HTTP/1.1}{0.0.0.0:8080}
INFO  [2017-10-09 13:26:08,256] org.eclipse.jetty.setuid.SetUIDListener: Opened admin@1005f6c{HTTP/1.1}{0.0.0.0:8081}
INFO  [2017-10-09 13:26:08,256] org.eclipse.jetty.server.Server: jetty-9.2.13.v20150730
INFO  [2017-10-09 13:26:08,709] io.dropwizard.jersey.DropwizardResourceConfig: The following paths were found for the configured resources:

    GET     /addad/{longitude}/{latitude}/{radius}/{company}/{summary}/{days}/{nrViews} (com.API.JavaAPI3.resources.AddAd)
    GET     /hello (com.API.JavaAPI3.resources.APIResource)

INFO  [2017-10-09 13:26:08,725] org.eclipse.jetty.server.handler.ContextHandler: Started i.d.j.MutableServletContextHandler@5b693d{/,null,AVAILABLE}
INFO  [2017-10-09 13:26:08,725] io.dropwizard.setup.AdminEnvironment: tasks = 

    POST    /tasks/log-level (io.dropwizard.servlets.tasks.LogConfigurationTask)
    POST    /tasks/gc (io.dropwizard.servlets.tasks.GarbageCollectionTask)

INFO  [2017-10-09 13:26:08,725] org.eclipse.jetty.server.handler.ContextHandler: Started i.d.j.MutableServletContextHandler@6bc9a4{/,null,AVAILABLE}
INFO  [2017-10-09 13:26:08,891] org.eclipse.jetty.server.ServerConnector: Started application@1cec031{HTTP/1.1}{0.0.0.0:8080}
INFO  [2017-10-09 13:26:08,894] org.eclipse.jetty.server.ServerConnector: Started admin@1005f6c{HTTP/1.1}{0.0.0.0:8081}
INFO  [2017-10-09 13:26:08,894] org.eclipse.jetty.server.Server: Started @1713ms
INFO  [2017-10-09 13:28:23,742] org.eclipse.jetty.server.ServerConnector: Stopped application@1cec031{HTTP/1.1}{0.0.0.0:8080}
INFO  [2017-10-09 13:28:23,742] org.eclipse.jetty.server.ServerConnector: Stopped admin@1005f6c{HTTP/1.1}{0.0.0.0:8081}
INFO  [2017-10-09 13:28:23,742] org.eclipse.jetty.server.handler.ContextHandler: Stopped i.d.j.MutableServletContextHandler@6bc9a4{/,null,UNAVAILABLE}
INFO  [2017-10-09 13:28:23,742] org.eclipse.jetty.server.handler.ContextHandler: Stopped i.d.j.MutableServletContextHandler@5b693d{/,null,UNAVAILABLE}
